14:27:00 254.381663 plugins/hadaq/src/UdpTransport.cxx:Read_Complete:249 Zero bytes was read
14:27:16   4.509272 plugins/hadaq/src/UdpTransport.cxx:Read_Complete:249 Zero bytes was read
14:30:39   3.307872 plugins/hadaq/src/UdpTransport.cxx:Read_Complete:249 Zero bytes was read
14:30:45   0.805107 plugins/hadaq/src/UdpTransport.cxx:Read_Complete:249 Zero bytes was read
14:47:22   2.607493 plugins/hadaq/src/UdpTransport.cxx:Read_Complete:249 Zero bytes was read
14:52:01   6.511411 plugins/hadaq/src/UdpTransport.cxx:Read_Complete:249 Zero bytes was read
14:53:01  10.815599 plugins/hadaq/src/UdpTransport.cxx:Read_Complete:249 Zero bytes was read
17:04:33 1683.623515 plugins/hadaq/src/UdpTransport.cxx:Read_Complete:249 Zero bytes was read
09:34:49   0.102880 base/src/SocketThread.cxx:StartServer:1174 Cannot bind server socket to port 1237 or find its in range -1:-1
09:34:49   0.102895 base/src/SocketFactory.cxx:CreateObject:52 Cannot open cmd socket on port -1
09:34:49   0.102908 base/run/dabc_exe.cxx:CreateManagerControl:41 Cannot establish connection to command system
10:31:40  50.187978 plugins/hadaq/src/UdpTransport.cxx:Read_Complete:249 Zero bytes was read
10:39:51  10.416132 plugins/hadaq/src/UdpTransport.cxx:Read_Complete:249 Zero bytes was read
11:19:27 412.062815 plugins/hadaq/src/UdpTransport.cxx:Read_Complete:249 Zero bytes was read
11:41:45 658.314416 plugins/hadaq/src/UdpTransport.cxx:Read_Complete:249 Zero bytes was read
16:09:56 743.239379 plugins/mbs/src/ServerTransport.cxx:OnRecvCompleted:164 Get request at wrong state 5
16:09:56 743.239439 plugins/mbs/src/ServerTransport.cxx:OnSendCompleted:125 Send complete at wrong state
16:18:34  20.125381 plugins/hadaq/src/UdpTransport.cxx:Read_Complete:249 Zero bytes was read
17:09:00  88.096096 plugins/hadaq/src/UdpTransport.cxx:Read_Complete:249 Zero bytes was read
10:06:27  32.940848 plugins/hadaq/src/UdpTransport.cxx:Read_Complete:249 Zero bytes was read
10:09:47 178.717480 plugins/hadaq/src/UdpTransport.cxx:Read_Complete:249 Zero bytes was read
12:15:08 290.004199 plugins/hadaq/src/UdpTransport.cxx:Read_Complete:249 Zero bytes was read
12:16:41  30.024815 plugins/hadaq/src/UdpTransport.cxx:Read_Complete:249 Zero bytes was read
12:55:52  58.543127 plugins/hadaq/src/UdpTransport.cxx:Read_Complete:249 Zero bytes was read
15:11:59  23.319581 plugins/hadaq/src/UdpTransport.cxx:Read_Complete:249 Zero bytes was read
15:12:13  10.811444 plugins/hadaq/src/UdpTransport.cxx:Read_Complete:249 Zero bytes was read
15:20:31   7.708978 plugins/hadaq/src/UdpTransport.cxx:Read_Complete:249 Zero bytes was read
15:30:35  58.443473 plugins/hadaq/src/UdpTransport.cxx:Read_Complete:249 Zero bytes was read
15:33:51   7.809383 plugins/hadaq/src/UdpTransport.cxx:Read_Complete:249 Zero bytes was read
10:45:23 165.289844 plugins/hadaq/src/UdpTransport.cxx:Read_Complete:249 Zero bytes was read
12:00:58   3.808435 plugins/hadaq/src/UdpTransport.cxx:Read_Complete:249 Zero bytes was read
12:04:09   3.307618 plugins/hadaq/src/UdpTransport.cxx:Read_Complete:249 Zero bytes was read
15:47:58 415.513832 plugins/hadaq/src/UdpTransport.cxx:Read_Complete:249 Zero bytes was read
16:03:35 416.111569 plugins/hadaq/src/UdpTransport.cxx:Read_Complete:249 Zero bytes was read
16:19:41 425.769009 plugins/hadaq/src/UdpTransport.cxx:Read_Complete:249 Zero bytes was read
16:27:40 419.249272 plugins/hadaq/src/UdpTransport.cxx:Read_Complete:249 Zero bytes was read
17:27:27  10.115788 plugins/hadaq/src/UdpTransport.cxx:Read_Complete:249 Zero bytes was read
17:27:34   4.210056 plugins/hadaq/src/UdpTransport.cxx:Read_Complete:249 Zero bytes was read
17:36:33 386.613857 plugins/hadaq/src/UdpTransport.cxx:Read_Complete:249 Zero bytes was read
12:14:15 5852.369897 plugins/mbs/src/ServerTransport.cxx:OnRecvCompleted:168 Get request at wrong state 5
19:23:25 1086.240812 plugins/mbs/src/ServerTransport.cxx:OnRecvCompleted:168 Get request at wrong state 5
21:13:52 1989.535860 base/src/Publisher.cxx:ApplyEntryDiff:301 Command failed for rec 0 addr dabc://localhost:1237/App errcnt 1
17:59:27 1755.248454 plugins/mbs/src/ServerTransport.cxx:OnRecvCompleted:168 Get request at wrong state 5
12:14:22 743.380508 base/src/Publisher.cxx:ApplyEntryDiff:301 Command failed for rec 0 addr dabc://localhost:1237/App errcnt 1
